<?xml version="1.0" encoding="UTF-8"?>
<!-- Generated by org.testng.reporters.JUnitXMLReporter -->
<testsuite ignored="0" hostname="GOWRISANKAR" failures="0" tests="3" name="Default test" time="6.839" errors="0" timestamp="2025-03-23T16:39:59 IST">
  <testcase classname="sample_Test_NG.NewTest1" name="fff" time="0.065"/>
  <testcase classname="sample_Test_NG.NewTest1" name="f" time="0.061"/>
  <testcase classname="sample_Test_NG.NewTest1" name="ff" time="0.067"/>
</testsuite> <!-- Default test -->
