<?xml version="1.0" encoding="UTF-8"?>
<!-- Generated by org.testng.reporters.JUnitXMLReporter -->
<testsuite ignored="0" hostname="GOWRISANKAR" failures="0" tests="3" name="parallel Tests" time="7.618" errors="0" timestamp="2025-03-23T16:56:59 IST">
  <testcase classname="sample_Test_NG.NewTest1" name="fff" time="0.058"/>
  <testcase classname="sample_Test_NG.NewTest1" name="f" time="0.041"/>
  <testcase classname="sample_Test_NG.NewTest1" name="ff" time="0.043"/>
</testsuite> <!-- parallel Tests -->
