<?xml version="1.0" encoding="UTF-8"?>
<testng-results ignored="0" total="3" passed="3" failed="0" skipped="0">
  <reporter-output>
  </reporter-output>
  <suite started-at="2025-03-23T16:56:51 IST" name="Suite" finished-at="2025-03-23T16:56:59 IST" duration-ms="7618">
    <groups>
    </groups>
    <test started-at="2025-03-23T16:56:51 IST" name="parallel Tests" finished-at="2025-03-23T16:56:59 IST" duration-ms="7618">
      <class name="sample_Test_NG.NewTest1">
        <test-method is-config="true" signature="beforeTest()[pri:0, instance:sample_Test_NG.NewTest1@43bc63a3]" started-at="2025-03-23T16:56:51 IST" name="beforeTest" finished-at="2025-03-23T16:56:59 IST" duration-ms="7188" status="PASS">
          <reporter-output>
          </reporter-output>
        </test-method> <!-- beforeTest -->
        <test-method signature="fff()[pri:0, instance:sample_Test_NG.NewTest1@43bc63a3]" started-at="2025-03-23T16:56:59 IST" name="fff" finished-at="2025-03-23T16:56:59 IST" duration-ms="58" status="PASS">
          <reporter-output>
          </reporter-output>
        </test-method> <!-- fff -->
        <test-method signature="f()[pri:1, instance:sample_Test_NG.NewTest1@43bc63a3]" started-at="2025-03-23T16:56:59 IST" name="f" finished-at="2025-03-23T16:56:59 IST" duration-ms="41" status="PASS">
          <reporter-output>
          </reporter-output>
        </test-method> <!-- f -->
        <test-method signature="ff()[pri:2, instance:sample_Test_NG.NewTest1@43bc63a3]" started-at="2025-03-23T16:56:59 IST" name="ff" finished-at="2025-03-23T16:56:59 IST" duration-ms="43" status="PASS">
          <reporter-output>
          </reporter-output>
        </test-method> <!-- ff -->
        <test-method is-config="true" signature="afterTest()[pri:0, instance:sample_Test_NG.NewTest1@43bc63a3]" started-at="2025-03-23T16:56:59 IST" name="afterTest" finished-at="2025-03-23T16:56:59 IST" duration-ms="238" status="PASS">
          <reporter-output>
          </reporter-output>
        </test-method> <!-- afterTest -->
      </class> <!-- sample_Test_NG.NewTest1 -->
    </test> <!-- parallel Tests -->
  </suite> <!-- Suite -->
</testng-results>
